<?xml version="1.0" encoding="UTF-8"?>
<!-- Generated by org.testng.reporters.JUnitXMLReporter -->
<testsuite hostname="DESKTOP-MBAN3I1" ignored="0" name="Default test" tests="3" failures="0" timestamp="2021-12-26T00:38:31 IST" time="167.867" errors="0">
  <testcase name="@BeforeMethod openBrowserAndUrl" time="19.585" classname="vtigertests.testVtigerCompaingAssignment">
    <failure type="org.openqa.selenium.WebDriverException" message="unknown error: Chrome failed to start: exited normally.
  (chrome not reachable)
  (The process started from chrome location C:\Program Files (x86)\Google\Chrome\Application\chrome.exe is no longer running, so ChromeDriver is assuming that Chrome has crashed.)
Build info: version: &amp;apos;3.14.0&amp;apos;, revision: &amp;apos;aacccce0&amp;apos;, time: &amp;apos;2018-08-02T20:19:58.91Z&amp;apos;
System info: host: &amp;apos;DESKTOP-MBAN3I1&amp;apos;, ip: &amp;apos;192.168.43.156&amp;apos;, os.name: &amp;apos;Windows 10&amp;apos;, os.arch: &amp;apos;amd64&amp;apos;, os.version: &amp;apos;10.0&amp;apos;, java.version: &amp;apos;1.8.0_301&amp;apos;
Driver info: driver.version: ChromeDriver
remote stacktrace: Backtrace:
	Ordinal0 [0x01176903+2517251]
	Ordinal0 [0x0110F8E1+2095329]
	Ordinal0 [0x01012848+1058888]
	Ordinal0 [0x0102DC70+1170544]
	Ordinal0 [0x0102A2CF+1155791]
	Ordinal0 [0x0105AAAF+1354415]
	Ordinal0 [0x0105A71A+1353498]
	Ordinal0 [0x0105639B+1336219]
	Ordinal0 [0x010327A7+1189799]
	Ordinal0 [0x01033609+1193481]
	GetHandleVerifier [0x01305904+1577972]
	GetHandleVerifier [0x013B0B97+2279047]
	GetHandleVerifier [0x01206D09+534521]
	GetHandleVerifier [0x01205DB9+530601]
	Ordinal0 [0x01114FF9+2117625]
	Ordinal0 [0x011198A8+2136232]
	Ordinal0 [0x011199E2+2136546]
	Ordinal0 [0x01123541+2176321]
	BaseThreadInitThunk [0x7658FA29+25]
	RtlGetAppContainerNamedObjectPath [0x774A7A9E+286]
	RtlGetAppContainerNamedObjectPath [0x774A7A6E+238]
">
      <![CDATA[org.openqa.selenium.WebDriverException: unknown error: Chrome failed to start: exited normally.
  (chrome not reachable)
  (The process started from chrome location C:\Program Files (x86)\Google\Chrome\Application\chrome.exe is no longer running, so ChromeDriver is assuming that Chrome has crashed.)
Build info: version: '3.14.0', revision: 'aacccce0', time: '2018-08-02T20:19:58.91Z'
System info: host: 'DESKTOP-MBAN3I1', ip: '192.168.43.156', os.name: 'Windows 10', os.arch: 'amd64', os.version: '10.0', java.version: '1.8.0_301'
Driver info: driver.version: ChromeDriver
remote stacktrace: Backtrace:
Ordinal0 [0x01176903+2517251]
Ordinal0 [0x0110F8E1+2095329]
Ordinal0 [0x01012848+1058888]
Ordinal0 [0x0102DC70+1170544]
Ordinal0 [0x0102A2CF+1155791]
Ordinal0 [0x0105AAAF+1354415]
Ordinal0 [0x0105A71A+1353498]
Ordinal0 [0x0105639B+1336219]
Ordinal0 [0x010327A7+1189799]
Ordinal0 [0x01033609+1193481]
GetHandleVerifier [0x01305904+1577972]
GetHandleVerifier [0x013B0B97+2279047]
GetHandleVerifier [0x01206D09+534521]
GetHandleVerifier [0x01205DB9+530601]
Ordinal0 [0x01114FF9+2117625]
Ordinal0 [0x011198A8+2136232]
Ordinal0 [0x011199E2+2136546]
Ordinal0 [0x01123541+2176321]
BaseThreadInitThunk [0x7658FA29+25]
RtlGetAppContainerNamedObjectPath [0x774A7A9E+286]
RtlGetAppContainerNamedObjectPath [0x774A7A6E+238]

at sun.reflect.NativeConstructorAccessorImpl.newInstance0(Native Method)
at sun.reflect.NativeConstructorAccessorImpl.newInstance(Unknown Source)
at sun.reflect.DelegatingConstructorAccessorImpl.newInstance(Unknown Source)
at java.lang.reflect.Constructor.newInstance(Unknown Source)
at org.openqa.selenium.remote.W3CHandshakeResponse.lambda$new$0(W3CHandshakeResponse.java:57)
at org.openqa.selenium.remote.W3CHandshakeResponse.lambda$getResponseFunction$2(W3CHandshakeResponse.java:104)
at org.openqa.selenium.remote.ProtocolHandshake.lambda$createSession$0(ProtocolHandshake.java:122)
at java.util.stream.ReferencePipeline$3$1.accept(Unknown Source)
at java.util.Spliterators$ArraySpliterator.tryAdvance(Unknown Source)
at java.util.stream.ReferencePipeline.forEachWithCancel(Unknown Source)
at java.util.stream.AbstractPipeline.copyIntoWithCancel(Unknown Source)
at java.util.stream.AbstractPipeline.copyInto(Unknown Source)
at java.util.stream.AbstractPipeline.wrapAndCopyInto(Unknown Source)
at java.util.stream.FindOps$FindOp.evaluateSequential(Unknown Source)
at java.util.stream.AbstractPipeline.evaluate(Unknown Source)
at java.util.stream.ReferencePipeline.findFirst(Unknown Source)
at org.openqa.selenium.remote.ProtocolHandshake.createSession(ProtocolHandshake.java:125)
at org.openqa.selenium.remote.ProtocolHandshake.createSession(ProtocolHandshake.java:73)
at org.openqa.selenium.remote.HttpCommandExecutor.execute(HttpCommandExecutor.java:136)
at org.openqa.selenium.remote.service.DriverCommandExecutor.execute(DriverCommandExecutor.java:83)
at org.openqa.selenium.remote.RemoteWebDriver.execute(RemoteWebDriver.java:548)
at org.openqa.selenium.remote.RemoteWebDriver.startSession(RemoteWebDriver.java:212)
at org.openqa.selenium.remote.RemoteWebDriver.<init>(RemoteWebDriver.java:130)
at org.openqa.selenium.chrome.ChromeDriver.<init>(ChromeDriver.java:181)
at org.openqa.selenium.chrome.ChromeDriver.<init>(ChromeDriver.java:168)
at org.openqa.selenium.chrome.ChromeDriver.<init>(ChromeDriver.java:123)
at utilities.SeleniumUtility.setUp(SeleniumUtility.java:49)
at vtigertests.testVtigerCompaingAssignment.openBrowserAndUrl(testVtigerCompaingAssignment.java:19)
at sun.reflect.NativeMethodAccessorImpl.invoke0(Native Method)
at sun.reflect.NativeMethodAccessorImpl.invoke(Unknown Source)
at sun.reflect.DelegatingMethodAccessorImpl.invoke(Unknown Source)
at java.lang.reflect.Method.invoke(Unknown Source)
at org.testng.internal.MethodInvocationHelper.invokeMethod(MethodInvocationHelper.java:133)
at org.testng.internal.MethodInvocationHelper.invokeMethodConsideringTimeout(MethodInvocationHelper.java:62)
at org.testng.internal.ConfigInvoker.invokeConfigurationMethod(ConfigInvoker.java:385)
at org.testng.internal.ConfigInvoker.invokeConfigurations(ConfigInvoker.java:321)
at org.testng.internal.TestInvoker.runConfigMethods(TestInvoker.java:700)
at org.testng.internal.TestInvoker.invokeMethod(TestInvoker.java:527)
at org.testng.internal.TestInvoker.invokeTestMethod(TestInvoker.java:173)
at org.testng.internal.MethodRunner.runInSequence(MethodRunner.java:46)
at org.testng.internal.TestInvoker$MethodInvocationAgent.invoke(TestInvoker.java:824)
at org.testng.internal.TestInvoker.invokeTestMethods(TestInvoker.java:146)
at org.testng.internal.TestMethodWorker.invokeTestMethods(TestMethodWorker.java:146)
at org.testng.internal.TestMethodWorker.run(TestMethodWorker.java:128)
at java.util.ArrayList.forEach(Unknown Source)
at org.testng.TestRunner.privateRun(TestRunner.java:794)
at org.testng.TestRunner.run(TestRunner.java:596)
at org.testng.SuiteRunner.runTest(SuiteRunner.java:377)
at org.testng.SuiteRunner.runSequentially(SuiteRunner.java:371)
at org.testng.SuiteRunner.privateRun(SuiteRunner.java:332)
at org.testng.SuiteRunner.run(SuiteRunner.java:276)
at org.testng.SuiteRunnerWorker.runSuite(SuiteRunnerWorker.java:53)
at org.testng.SuiteRunnerWorker.run(SuiteRunnerWorker.java:96)
at org.testng.TestNG.runSuitesSequentially(TestNG.java:1212)
at org.testng.TestNG.runSuitesLocally(TestNG.java:1134)
at org.testng.TestNG.runSuites(TestNG.java:1063)
at org.testng.TestNG.run(TestNG.java:1031)
at org.testng.remote.AbstractRemoteTestNG.run(AbstractRemoteTestNG.java:115)
at org.testng.remote.RemoteTestNG.initAndRun(RemoteTestNG.java:251)
at org.testng.remote.RemoteTestNG.main(RemoteTestNG.java:77)
]]>
    </failure>
  </testcase> <!-- @BeforeMethod openBrowserAndUrl -->
  <testcase name="@AfterMethod logoutAndCloseBrowser" time="-1.640459311434E9" classname="vtigertests.testVtigerCompaingAssignment">
    <skipped/>
  </testcase> <!-- @AfterMethod logoutAndCloseBrowser -->
  <testcase name="testAddCompaings" time="12.718" classname="vtigertests.testVtigerCompaingAssignment"/>
  <testcase name="testEditCompaings" time="11.053" classname="vtigertests.testVtigerCompaingAssignment"/>
  <testcase name="testDeleteCompaings" time="0.0" classname="vtigertests.testVtigerCompaingAssignment">
    <skipped/>
  </testcase> <!-- testDeleteCompaings -->
</testsuite> <!-- Default test -->
